[0;92mComeçando Primeira Montagem
pos: 000e; 1[1]: vetor1:
[0;94m(16) [0;93mvetor1[0;96m(L)[0;97m "[0;99m000[e][0;97m"

[0;94m[\n(1)]
pos: 000e; 2[1]: vetor2:
[0;94m(16) [0;93mvetor1[0;96m(L)[0;97m "[0;99m000[e][0;97m"
[0;94m(17) [0;93mvetor2[0;96m(L)[0;97m "[0;99m000[e][0;97m"

[0;97m [0;97m [0;97m pos: 000e; 2[2]: .word
[0;97m [0;94m[\n(1)]
[0;94m[\n(1)]
pos: 001e; 3[1]: vetor3:
[0;94m(16) [0;93mvetor1[0;96m(L)[0;97m "[0;99m000[e][0;97m"
[0;94m(17) [0;93mvetor2[0;96m(L)[0;97m "[0;99m000[e][0;97m"
[0;94m(18) [0;93mvetor3[0;96m(L)[0;97m "[0;99m001[e][0;97m"

[0;97m [0;97m [0;97m pos: 001e; 3[2]: .word
[0;97m [0;97m [0;93m#[0;96m [0;96mC[0;96mo[0;96mm[0;96me[0;96mn[0;96mt[0;96ma[0;96mr[0;96mi[0;96mo[0;96m [0;96ma[0;96mp[0;96mo[0;96ms[0;96m [0;96md[0;96mi[0;96mr[0;96me[0;96mt[0;96mi[0;96mv[0;96ma[0;94m[\n(1)]
[0;94m[\n(2)]
[0;97m [0;93m#[0;96m [0;96mC[0;96mo[0;96mm[0;96me[0;96mn[0;96mt[0;96ma[0;96mr[0;96mi[0;96mo[0;96m [0;96ma[0;96mp[0;96mo[0;96ms[0;96m [0;96md[0;96mi[0;96mr[0;96me[0;96mt[0;96mi[0;96mv[0;96ma[0;94m[\n(1)]
[0;94m[\n(2)]
pos: 002e; 5[1]: .word
[0;97m [0;94m[\n(1)]
[0;94m[\n(1)]
pos: 003e; 6[1]: .word
[0;97m [0;97m [0;97m [0;93m#[0;96m [0;96mC[0;96mo[0;96mm[0;96me[0;96mn[0;96mt[0;96ma[0;96mr[0;96mi[0;96mo[0;96m [0;96ma[0;96mp[0;96mo[0;96ms[0;96m [0;96md[0;96mi[0;96mr[0;96me[0;96mt[0;96mi[0;96mv[0;96ma[0;94m[\n(1)]
[0;93m#[0;96m [0;96mC[0;96mo[0;96mm[0;96me[0;96mn[0;96mt[0;96ma[0;96mr[0;96mi[0;96mo[0;96m [0;96ms[0;96mo[0;96mz[0;96mi[0;96mn[0;96mh[0;96mo[0;96m [0;96m [0;94m[\n(2)]
[0;94m[\n(3)]
[0;97m [0;97m [0;93m#[0;96m [0;96mC[0;96mo[0;96mm[0;96me[0;96mn[0;96mt[0;96ma[0;96mr[0;96mi[0;96mo[0;96m [0;96ma[0;96mp[0;96mo[0;96ms[0;96m [0;96md[0;96mi[0;96mr[0;96me[0;96mt[0;96mi[0;96mv[0;96ma[0;94m[\n(1)]
[0;93m#[0;96m [0;96mC[0;96mo[0;96mm[0;96me[0;96mn[0;96mt[0;96ma[0;96mr[0;96mi[0;96mo[0;96m [0;96ms[0;96mo[0;96mz[0;96mi[0;96mn[0;96mh[0;96mo[0;96m [0;96m [0;94m[\n(2)]
[0;94m[\n(3)]
pos: 004e; 9[1]: vetor4:
[0;94m(16) [0;93mvetor1[0;96m(L)[0;97m "[0;99m000[e][0;97m"
[0;94m(17) [0;93mvetor2[0;96m(L)[0;97m "[0;99m000[e][0;97m"
[0;94m(18) [0;93mvetor3[0;96m(L)[0;97m "[0;99m001[e][0;97m"
[0;94m(19) [0;93mvetor4[0;96m(L)[0;97m "[0;99m004[e][0;97m"

[0;97m pos: 004e; 9[2]: ADD
[0;97m [0;94m[\n(1)]
[0;94m[\n(1)]
pos: 004d; 10[1]: vetor5:
[0;94m(16) [0;93mvetor1[0;96m(L)[0;97m "[0;99m000[e][0;97m"
[0;94m(17) [0;93mvetor2[0;96m(L)[0;97m "[0;99m000[e][0;97m"
[0;94m(18) [0;93mvetor3[0;96m(L)[0;97m "[0;99m001[e][0;97m"
[0;94m(19) [0;93mvetor4[0;96m(L)[0;97m "[0;99m004[e][0;97m"
[0;94m(20) [0;93mvetor5[0;96m(L)[0;97m "[0;99m004[d][0;97m"

[0;97m pos: 004d; 10[2]: ADD
[0;97m [0;97m [0;93m#[0;96m [0;96mC[0;96mo[0;96mm[0;96me[0;96mn[0;96mt[0;96ma[0;96mr[0;96mi[0;96mo[0;96m [0;96ma[0;96mp[0;96mo[0;96ms[0;96m [0;96mi[0;96mn[0;96ms[0;96mt[0;96mr[0;96mu[0;96mc[0;96ma[0;96mo[0;94m[\n(1)]
[0;94m[\n(2)]
[0;97m [0;93m#[0;96m [0;96mC[0;96mo[0;96mm[0;96me[0;96mn[0;96mt[0;96ma[0;96mr[0;96mi[0;96mo[0;96m [0;96ma[0;96mp[0;96mo[0;96ms[0;96m [0;96mi[0;96mn[0;96ms[0;96mt[0;96mr[0;96mu[0;96mc[0;96ma[0;96mo[0;94m[\n(1)]
[0;94m[\n(2)]
pos: 005e; 12[1]: ADD
[0;97m [0;94m[\n(1)]
[0;94m[\n(1)]
[0;92mTerminada primeira montagem
[0;94m(16) [0;93mvetor1[0;96m(L)[0;97m "[0;99m000[e][0;97m"
[0;94m(17) [0;93mvetor2[0;96m(L)[0;97m "[0;99m000[e][0;97m"
[0;94m(18) [0;93mvetor3[0;96m(L)[0;97m "[0;99m001[e][0;97m"
[0;94m(19) [0;93mvetor4[0;96m(L)[0;97m "[0;99m004[e][0;97m"
[0;94m(20) [0;93mvetor5[0;96m(L)[0;97m "[0;99m004[d][0;97m"
000 00 000 00 000
001 00 000 00 000
002 00 000 00 000
003 00 000 00 000
004 05 100 05 100
005 05 100 00 000

[0;92mComeçando Segunda Montagem
pos: 000e; 1[1]: vetor1:
[0;94m[\n(1)]
pos: 000e; 2[1]: vetor2:
[0;97m [0;97m [0;97m pos: 000e; 2[2]: .word
[0;97m [0;94m[\n(1)]
[0;94m[\n(1)]
pos: 001e; 3[1]: vetor3:
[0;97m [0;97m [0;97m pos: 001e; 3[2]: .word
[0;97m [0;97m [0;93m#[0;96m [0;96mC[0;96mo[0;96mm[0;96me[0;96mn[0;96mt[0;96ma[0;96mr[0;96mi[0;96mo[0;96m [0;96ma[0;96mp[0;96mo[0;96ms[0;96m [0;96md[0;96mi[0;96mr[0;96me[0;96mt[0;96mi[0;96mv[0;96ma[0;94m[\n(1)]
[0;94m[\n(2)]
[0;97m [0;93m#[0;96m [0;96mC[0;96mo[0;96mm[0;96me[0;96mn[0;96mt[0;96ma[0;96mr[0;96mi[0;96mo[0;96m [0;96ma[0;96mp[0;96mo[0;96ms[0;96m [0;96md[0;96mi[0;96mr[0;96me[0;96mt[0;96mi[0;96mv[0;96ma[0;94m[\n(1)]
[0;94m[\n(2)]
pos: 002e; 5[1]: .word
[0;97m [0;94m[\n(1)]
[0;94m[\n(1)]
pos: 003e; 6[1]: .word
[0;97m [0;97m [0;97m [0;93m#[0;96m [0;96mC[0;96mo[0;96mm[0;96me[0;96mn[0;96mt[0;96ma[0;96mr[0;96mi[0;96mo[0;96m [0;96ma[0;96mp[0;96mo[0;96ms[0;96m [0;96md[0;96mi[0;96mr[0;96me[0;96mt[0;96mi[0;96mv[0;96ma[0;94m[\n(1)]
[0;93m#[0;96m [0;96mC[0;96mo[0;96mm[0;96me[0;96mn[0;96mt[0;96ma[0;96mr[0;96mi[0;96mo[0;96m [0;96ms[0;96mo[0;96mz[0;96mi[0;96mn[0;96mh[0;96mo[0;96m [0;96m [0;94m[\n(2)]
[0;94m[\n(3)]
[0;97m [0;97m [0;93m#[0;96m [0;96mC[0;96mo[0;96mm[0;96me[0;96mn[0;96mt[0;96ma[0;96mr[0;96mi[0;96mo[0;96m [0;96ma[0;96mp[0;96mo[0;96ms[0;96m [0;96md[0;96mi[0;96mr[0;96me[0;96mt[0;96mi[0;96mv[0;96ma[0;94m[\n(1)]
[0;93m#[0;96m [0;96mC[0;96mo[0;96mm[0;96me[0;96mn[0;96mt[0;96ma[0;96mr[0;96mi[0;96mo[0;96m [0;96ms[0;96mo[0;96mz[0;96mi[0;96mn[0;96mh[0;96mo[0;96m [0;96m [0;94m[\n(2)]
[0;94m[\n(3)]
pos: 004e; 9[1]: vetor4:
[0;97m pos: 004e; 9[2]: ADD
[0;97m [0;94m[\n(1)]
[0;94m[\n(1)]
pos: 004d; 10[1]: vetor5:
[0;97m pos: 004d; 10[2]: ADD
[0;97m [0;97m [0;93m#[0;96m [0;96mC[0;96mo[0;96mm[0;96me[0;96mn[0;96mt[0;96ma[0;96mr[0;96mi[0;96mo[0;96m [0;96ma[0;96mp[0;96mo[0;96ms[0;96m [0;96mi[0;96mn[0;96ms[0;96mt[0;96mr[0;96mu[0;96mc[0;96ma[0;96mo[0;94m[\n(1)]
[0;94m[\n(2)]
[0;97m [0;93m#[0;96m [0;96mC[0;96mo[0;96mm[0;96me[0;96mn[0;96mt[0;96ma[0;96mr[0;96mi[0;96mo[0;96m [0;96ma[0;96mp[0;96mo[0;96ms[0;96m [0;96mi[0;96mn[0;96ms[0;96mt[0;96mr[0;96mu[0;96mc[0;96ma[0;96mo[0;94m[\n(1)]
[0;94m[\n(2)]
pos: 005e; 12[1]: ADD
[0;97m [0;94m[\n(1)]
[0;94m[\n(1)]

[0;92mSaída do programa
[0;94m(16) [0;93mvetor1[0;96m(L)[0;97m "[0;99m000[e][0;97m"
[0;94m(17) [0;93mvetor2[0;96m(L)[0;97m "[0;99m000[e][0;97m"
[0;94m(18) [0;93mvetor3[0;96m(L)[0;97m "[0;99m001[e][0;97m"
[0;94m(19) [0;93mvetor4[0;96m(L)[0;97m "[0;99m004[e][0;97m"
[0;94m(20) [0;93mvetor5[0;96m(L)[0;97m "[0;99m004[d][0;97m"

[0;92mLiberando Memória
