[0;92mComeçando Primeira Montagem
pos: 000e; 1[1]: .set
[0;97m [0;97m [0;94m[\n(1)]
[0;94m[\n(1)]
pos: 000e; 2[1]: .wfill
[0;97m [0;97m [0;94m[\n(1)]
[0;94m[\n(1)]
[0;92mTerminada primeira montagem
000 00 000 00 000
001 00 000 00 000
002 00 000 00 000
003 00 000 00 000
004 00 000 00 000
005 00 000 00 000
006 00 000 00 000
007 00 000 00 000
008 00 000 00 000
009 00 000 00 000
00A 00 000 00 000
00B 00 000 00 000
00C 00 000 00 000
00D 00 000 00 000
00E 00 000 00 000
00F 00 000 00 000
010 00 000 00 000
011 00 000 00 000
012 00 000 00 000
013 00 000 00 000
014 00 000 00 000
015 00 000 00 000
016 00 000 00 000
017 00 000 00 000
018 00 000 00 000
019 00 000 00 000
01A 00 000 00 000
01B 00 000 00 000
01C 00 000 00 000
01D 00 000 00 000
01E 00 000 00 000
01F 00 000 00 000
020 00 000 00 000
021 00 000 00 000
022 00 000 00 000
023 00 000 00 000
024 00 000 00 000
025 00 000 00 000
026 00 000 00 000
027 00 000 00 000
028 00 000 00 000
029 00 000 00 000
02A 00 000 00 000
02B 00 000 00 000
02C 00 000 00 000
02D 00 000 00 000
02E 00 000 00 000
02F 00 000 00 000
030 00 000 00 000
031 00 000 00 000

[0;92mComeçando Segunda Montagem
pos: 000e; 1[1]: .set
[0;97m [0;97m [0;94m[\n(1)]
[0;94m[\n(1)]
pos: 000e; 2[1]: .wfill
[0;97m [0;97m [0;94m[\n(1)]
[0;94m[\n(1)]

[0;92mSaída do programa
[0;94m(23) [0;93mVINTE[0;96m(S)[0;97m "[0;99m020[0;97m"

[0;92mLiberando Memória
