[0;92mComeçando Primeira Montagem
pos: 000e; 1[1]: inicio:
[0;94m(36) [0;93minicio[0;96m(L)[0;97m "[0;99m000[e][0;97m"

[0;94m[\n(1)]
pos: 000e; 2[1]: LD
[0;97m [0;94m[\n(1)]
[0;94m[\n(1)]
pos: 000d; 3[1]: LD-
[0;97m [0;94m[\n(1)]
[0;94m[\n(1)]
pos: 001e; 4[1]: LD|
[0;97m [0;94m[\n(1)]
[0;94m[\n(1)]
pos: 001d; 5[1]: LD|
[0;97m [0;94m[\n(1)]
[0;94m[\n(1)]
pos: 002e; 6[1]: LDmq_mx
[0;97m [0;94m[\n(1)]
[0;94m[\n(1)]
pos: 002d; 7[1]: ST
[0;97m [0;94m[\n(1)]
[0;94m[\n(1)]
pos: 003e; 8[1]: ADD
[0;97m [0;94m[\n(1)]
[0;94m[\n(1)]
pos: 003d; 9[1]: ADD|
[0;97m [0;94m[\n(1)]
[0;94m[\n(1)]
pos: 004e; 10[1]: SUB
[0;97m [0;94m[\n(1)]
[0;94m[\n(1)]
pos: 004d; 11[1]: SUB|
[0;97m [0;97m [0;94m[\n(1)]
[0;97m [0;94m[\n(1)]
pos: 005e; 12[1]: MUL
[0;97m [0;97m [0;94m[\n(1)]
[0;97m [0;94m[\n(1)]
pos: 005d; 13[1]: DIV
[0;97m [0;97m [0;94m[\n(1)]
[0;97m [0;94m[\n(1)]
pos: 006e; 14[1]: LSH
[0;94m[\n(1)]
[0;94m[\n(1)]
pos: 006d; 15[1]: RSH
[0;94m[\n(1)]
[0;94m[\n(2)]
[0;94m[\n(1)]
[0;94m[\n(2)]
[0;92mTerminada primeira montagem
[0;94m(36) [0;93minicio[0;96m(L)[0;97m "[0;99m000[e][0;97m"
000 01 00A 02 00A
001 03 00A 03 00A
002 09 00A 21 00A
003 05 000 07 00A
004 06 00A 08 00A
005 0B 00A 0C 00A
006 14 000 15 000

[0;92mComeçando Segunda Montagem
pos: 000e; 1[1]: inicio:
[0;94m[\n(1)]
pos: 000e; 2[1]: LD
[0;97m [0;94m[\n(1)]
[0;94m[\n(1)]
pos: 000d; 3[1]: LD-
[0;97m [0;94m[\n(1)]
[0;94m[\n(1)]
pos: 001e; 4[1]: LD|
[0;97m [0;94m[\n(1)]
[0;94m[\n(1)]
pos: 001d; 5[1]: LD|
[0;97m [0;94m[\n(1)]
[0;94m[\n(1)]
pos: 002e; 6[1]: LDmq_mx
[0;97m [0;94m[\n(1)]
[0;94m[\n(1)]
pos: 002d; 7[1]: ST
[0;97m [0;94m[\n(1)]
[0;94m[\n(1)]
pos: 003e; 8[1]: ADD
[0;97m [0;94m[\n(1)]
[0;94m[\n(1)]
pos: 003d; 9[1]: ADD|
[0;97m [0;94m[\n(1)]
[0;94m[\n(1)]
pos: 004e; 10[1]: SUB
[0;97m [0;94m[\n(1)]
[0;94m[\n(1)]
pos: 004d; 11[1]: SUB|
[0;97m [0;97m [0;94m[\n(1)]
[0;97m [0;94m[\n(1)]
pos: 005e; 12[1]: MUL
[0;97m [0;97m [0;94m[\n(1)]
[0;97m [0;94m[\n(1)]
pos: 005d; 13[1]: DIV
[0;97m [0;97m [0;94m[\n(1)]
[0;97m [0;94m[\n(1)]
pos: 006e; 14[1]: LSH
[0;94m[\n(1)]
[0;94m[\n(1)]
pos: 006d; 15[1]: RSH
[0;94m[\n(1)]
[0;94m[\n(2)]
[0;94m[\n(1)]
[0;94m[\n(2)]

[0;92mSaída do programa
[0;94m(36) [0;93minicio[0;96m(L)[0;97m "[0;99m000[e][0;97m"

[0;92mLiberando Memória
