[0;92mComeçando Primeira Montagem
[0;93m#[0;96mt[0;96me[0;96ms[0;96mt[0;96ma[0;96mn[0;96md[0;96mo[0;96m [0;96me[0;96ms[0;96mq[0;96mu[0;96me[0;96mr[0;96md[0;96ma[0;96m [0;96me[0;96m [0;96md[0;96mi[0;96mr[0;96me[0;96mi[0;96mt[0;96ma[0;94m[\n(1)]
pos: 000e; 2[1]: esquerda:
[0;94m(29) [0;93mesquerda[0;96m(L)[0;97m "[0;99m000[e][0;97m"

[0;94m[\n(1)]
[0;97m	pos: 000e; 3[1]: ADD
[0;97m [0;94m[\n(1)]
[0;94m[\n(1)]
pos: 000d; 4[1]: direita:
[0;94m(03) [0;93mdireita[0;96m(L)[0;97m "[0;99m000[d][0;97m"
[0;94m(29) [0;93mesquerda[0;96m(L)[0;97m "[0;99m000[e][0;97m"

[0;94m[\n(1)]
[0;97m	pos: 000d; 5[1]: ADD
[0;97m [0;94m[\n(1)]
[0;94m[\n(1)]
pos: 001e; 6[1]: JMP
[0;97m [0;94m[\n(1)]
[0;94m[\n(1)]
pos: 001d; 7[1]: JMP
[0;97m [0;94m[\n(1)]
[0;94m[\n(1)]
pos: 002e; 8[1]: JUMP+
[0;97m [0;94m[\n(1)]
[0;94m[\n(1)]
pos: 002d; 9[1]: JUMP+
[0;97m [0;94m[\n(1)]
[0;94m[\n(1)]
pos: 003e; 10[1]: STaddr
[0;97m [0;94m[\n(1)]
[0;94m[\n(1)]
pos: 003d; 11[1]: STaddr
[0;97m [0;94m[\n(1)]
[0;94m[\n(1)]
[0;92mTerminada primeira montagem
[0;94m(03) [0;93mdireita[0;96m(L)[0;97m "[0;99m000[d][0;97m"
[0;94m(29) [0;93mesquerda[0;96m(L)[0;97m "[0;99m000[e][0;97m"
000 05 000 05 000
001 0D 000 0E 000
002 0F 000 10 000
003 12 000 13 000

[0;92mComeçando Segunda Montagem
[0;93m#[0;96mt[0;96me[0;96ms[0;96mt[0;96ma[0;96mn[0;96md[0;96mo[0;96m [0;96me[0;96ms[0;96mq[0;96mu[0;96me[0;96mr[0;96md[0;96ma[0;96m [0;96me[0;96m [0;96md[0;96mi[0;96mr[0;96me[0;96mi[0;96mt[0;96ma[0;94m[\n(1)]
pos: 000e; 2[1]: esquerda:
[0;94m[\n(1)]
[0;97m	pos: 000e; 3[1]: ADD
[0;97m [0;94m[\n(1)]
[0;94m[\n(1)]
pos: 000d; 4[1]: direita:
[0;94m[\n(1)]
[0;97m	pos: 000d; 5[1]: ADD
[0;97m [0;94m[\n(1)]
[0;94m[\n(1)]
pos: 001e; 6[1]: JMP
[0;97m [0;94m[\n(1)]
[0;94m[\n(1)]
pos: 001d; 7[1]: JMP
[0;97m [0;94m[\n(1)]
[0;94m[\n(1)]
pos: 002e; 8[1]: JUMP+
[0;97m [0;94m[\n(1)]
[0;94m[\n(1)]
pos: 002d; 9[1]: JUMP+
[0;97m [0;94m[\n(1)]
[0;94m[\n(1)]
pos: 003e; 10[1]: STaddr
[0;97m [0;94m[\n(1)]
[0;94m[\n(1)]
pos: 003d; 11[1]: STaddr
[0;97m [0;94m[\n(1)]
[0;94m[\n(1)]

[0;92mSaída do programa
[0;94m(03) [0;93mdireita[0;96m(L)[0;97m "[0;99m000[d][0;97m"
[0;94m(29) [0;93mesquerda[0;96m(L)[0;97m "[0;99m000[e][0;97m"

[0;92mLiberando Memória
