[0;92mComeçando Primeira Montagem
pos: 000e; 1[1]: .set
[0;97m [0;97m [0;94m[\n(1)]
[0;94m[\n(1)]
pos: 000e; 2[1]: .org
[0;97m [0;94m[\n(1)]
[0;94m[\n(1)]
pos: 100e; 3[1]: dados:
[0;94m(00) [0;93mdados[0;96m(L)[0;97m "[0;99m100[e][0;97m"

[0;97m [0;93m#[0;96ma[0;96mq[0;96mu[0;96mi[0;96m [0;96mi[0;96mr[0;96ma[0;96mo[0;96m [0;96mo[0;96ms[0;96m [0;96md[0;96ma[0;96md[0;96mo[0;96ms[0;96m [0;96md[0;96mo[0;96m [0;96mp[0;96mr[0;96mo[0;96mg[0;96mr[0;96ma[0;96mm[0;96ma[0;94m[\n(1)]
[0;94m[\n(2)]
[0;97m	pos: 100e; 5[1]: .word
[0;97m [0;94m[\n(1)]
[0;97m	[0;94m[\n(1)]
[0;97m	pos: 101e; 6[1]: .wfill
[0;97m [0;97m [0;94m[\n(1)]
[0;94m[\n(2)]
[0;94m[\n(1)]
[0;94m[\n(2)]
pos: 10Be; 8[1]: .org
[0;97m [0;94m[\n(1)]
[0;94m[\n(1)]
pos: 000e; 9[1]: programa:
[0;94m(00) [0;93mdados[0;96m(L)[0;97m "[0;99m100[e][0;97m"
[0;94m(42) [0;93mprograma[0;96m(L)[0;97m "[0;99m000[e][0;97m"

[0;97m [0;93m#[0;96ma[0;96mq[0;96mu[0;96mi[0;96m [0;96ms[0;96me[0;96mr[0;96ma[0;96mo[0;96m [0;96ma[0;96ms[0;96m [0;96mi[0;96mn[0;96mt[0;96mr[0;96mu[0;96mc[0;96mo[0;96me[0;96ms[0;94m[\n(1)]
[0;94m[\n(2)]
pos: 000e; 11[1]: ADD
[0;97m [0;94m[\n(1)]
[0;94m[\n(1)]
pos: 000d; 12[1]: .align
[0;97m [0;94m[\n(1)]
[0;94m[\n(1)]
pos: 001e; 13[1]: varx:
[0;94m(00) [0;93mdados[0;96m(L)[0;97m "[0;99m100[e][0;97m"
[0;94m(32) [0;93mvarx[0;96m(L)[0;97m "[0;99m001[e][0;97m"
[0;94m(42) [0;93mprograma[0;96m(L)[0;97m "[0;99m000[e][0;97m"

[0;97m pos: 001e; 13[2]: .word
[0;97m [0;94m[\n(1)]
[0;94m[\n(1)]
pos: 002e; 14[1]: SUB
[0;97m [0;94m[\n(1)]
[0;94m[\n(1)]
pos: 002d; 15[1]: LSH
[0;94m[\n(1)]
[0;94m[\n(1)]
pos: 003e; 16[1]: STaddr
[0;97m [0;97m [0;93m#[0;96m [0;96mm[0;96mu[0;96md[0;96ma[0;96mn[0;96md[0;96mo[0;96m [0;96mo[0;96m [0;96mv[0;96ma[0;96ml[0;96mo[0;96mr[0;96m [0;96md[0;96mo[0;96m [0;96me[0;96mn[0;96md[0;96me[0;96mr[0;96me[0;96mc[0;96mo[0;94m[\n(1)]
[0;94m[\n(2)]
[0;97m [0;93m#[0;96m [0;96mm[0;96mu[0;96md[0;96ma[0;96mn[0;96md[0;96mo[0;96m [0;96mo[0;96m [0;96mv[0;96ma[0;96ml[0;96mo[0;96mr[0;96m [0;96md[0;96mo[0;96m [0;96me[0;96mn[0;96md[0;96me[0;96mr[0;96me[0;96mc[0;96mo[0;94m[\n(1)]
[0;94m[\n(2)]
pos: 003d; 18[1]: .org
[0;97m [0;94m[\n(1)]
[0;94m[\n(1)]
pos: 032e; 19[1]: .word
[0;97m [0;97m [0;93m#[0;96m [0;96mr[0;96me[0;96ms[0;96mp[0;96mo[0;96ms[0;96mt[0;96ma[0;96m [0;96md[0;96ma[0;96m [0;96mv[0;96mi[0;96md[0;96ma[0;96m [0;96md[0;96mo[0;96m [0;96mu[0;96mn[0;96mi[0;96mv[0;96me[0;96mr[0;96ms[0;96mo[0;96m [0;96me[0;96m [0;96mt[0;96mu[0;96md[0;96mo[0;96m [0;96mm[0;96ma[0;96mi[0;96ms[0;94m[\n(1)]
[0;94m[\n(2)]
[0;97m [0;93m#[0;96m [0;96mr[0;96me[0;96ms[0;96mp[0;96mo[0;96ms[0;96mt[0;96ma[0;96m [0;96md[0;96ma[0;96m [0;96mv[0;96mi[0;96md[0;96ma[0;96m [0;96md[0;96mo[0;96m [0;96mu[0;96mn[0;96mi[0;96mv[0;96me[0;96mr[0;96ms[0;96mo[0;96m [0;96me[0;96m [0;96mt[0;96mu[0;96md[0;96mo[0;96m [0;96mm[0;96ma[0;96mi[0;96ms[0;94m[\n(1)]
[0;94m[\n(2)]
[0;92mTerminada primeira montagem
[0;94m(00) [0;93mdados[0;96m(L)[0;97m "[0;99m100[e][0;97m"
[0;94m(32) [0;93mvarx[0;96m(L)[0;97m "[0;99m001[e][0;97m"
[0;94m(42) [0;93mprograma[0;96m(L)[0;97m "[0;99m000[e][0;97m"
000 05 100 00 000
001 00 000 00 000
002 06 001 14 000
003 12 000 00 000
032 00 000 00 000
100 00 000 00 000
101 00 000 00 000
102 00 000 00 000
103 00 000 00 000
104 00 000 00 000
105 00 000 00 000
106 00 000 00 000
107 00 000 00 000
108 00 000 00 000
109 00 000 00 000
10A 00 000 00 000

[0;92mComeçando Segunda Montagem
pos: 000e; 1[1]: .set
[0;97m [0;97m [0;94m[\n(1)]
[0;94m[\n(1)]
pos: 000e; 2[1]: .org
[0;97m [0;94m[\n(1)]
[0;94m[\n(1)]
pos: 100e; 3[1]: dados:
[0;97m [0;93m#[0;96ma[0;96mq[0;96mu[0;96mi[0;96m [0;96mi[0;96mr[0;96ma[0;96mo[0;96m [0;96mo[0;96ms[0;96m [0;96md[0;96ma[0;96md[0;96mo[0;96ms[0;96m [0;96md[0;96mo[0;96m [0;96mp[0;96mr[0;96mo[0;96mg[0;96mr[0;96ma[0;96mm[0;96ma[0;94m[\n(1)]
[0;94m[\n(2)]
[0;97m	pos: 100e; 5[1]: .word
[0;97m [0;94m[\n(1)]
[0;97m	[0;94m[\n(1)]
[0;97m	pos: 101e; 6[1]: .wfill
[0;97m [0;97m [0;94m[\n(1)]
[0;94m[\n(2)]
[0;94m[\n(1)]
[0;94m[\n(2)]
pos: 10Be; 8[1]: .org
[0;97m [0;94m[\n(1)]
[0;94m[\n(1)]
pos: 000e; 9[1]: programa:
[0;97m [0;93m#[0;96ma[0;96mq[0;96mu[0;96mi[0;96m [0;96ms[0;96me[0;96mr[0;96ma[0;96mo[0;96m [0;96ma[0;96ms[0;96m [0;96mi[0;96mn[0;96mt[0;96mr[0;96mu[0;96mc[0;96mo[0;96me[0;96ms[0;94m[\n(1)]
[0;94m[\n(2)]
pos: 000e; 11[1]: ADD
[0;97m [0;94m[\n(1)]
[0;94m[\n(1)]
pos: 000d; 12[1]: .align
[0;97m [0;94m[\n(1)]
[0;94m[\n(1)]
pos: 001e; 13[1]: varx:
[0;97m pos: 001e; 13[2]: .word
[0;97m [0;94m[\n(1)]
[0;94m[\n(1)]
pos: 002e; 14[1]: SUB
[0;97m [0;94m[\n(1)]
[0;94m[\n(1)]
pos: 002d; 15[1]: LSH
[0;94m[\n(1)]
[0;94m[\n(1)]
pos: 003e; 16[1]: STaddr
[0;97m [0;97m [0;93m#[0;96m [0;96mm[0;96mu[0;96md[0;96ma[0;96mn[0;96md[0;96mo[0;96m [0;96mo[0;96m [0;96mv[0;96ma[0;96ml[0;96mo[0;96mr[0;96m [0;96md[0;96mo[0;96m [0;96me[0;96mn[0;96md[0;96me[0;96mr[0;96me[0;96mc[0;96mo[0;94m[\n(1)]
[0;94m[\n(2)]
[0;97m [0;93m#[0;96m [0;96mm[0;96mu[0;96md[0;96ma[0;96mn[0;96md[0;96mo[0;96m [0;96mo[0;96m [0;96mv[0;96ma[0;96ml[0;96mo[0;96mr[0;96m [0;96md[0;96mo[0;96m [0;96me[0;96mn[0;96md[0;96me[0;96mr[0;96me[0;96mc[0;96mo[0;94m[\n(1)]
[0;94m[\n(2)]
pos: 003d; 18[1]: .org
[0;97m [0;94m[\n(1)]
[0;94m[\n(1)]
pos: 032e; 19[1]: .word
[0;97m [0;97m [0;93m#[0;96m [0;96mr[0;96me[0;96ms[0;96mp[0;96mo[0;96ms[0;96mt[0;96ma[0;96m [0;96md[0;96ma[0;96m [0;96mv[0;96mi[0;96md[0;96ma[0;96m [0;96md[0;96mo[0;96m [0;96mu[0;96mn[0;96mi[0;96mv[0;96me[0;96mr[0;96ms[0;96mo[0;96m [0;96me[0;96m [0;96mt[0;96mu[0;96md[0;96mo[0;96m [0;96mm[0;96ma[0;96mi[0;96ms[0;94m[\n(1)]
[0;94m[\n(2)]
[0;97m [0;93m#[0;96m [0;96mr[0;96me[0;96ms[0;96mp[0;96mo[0;96ms[0;96mt[0;96ma[0;96m [0;96md[0;96ma[0;96m [0;96mv[0;96mi[0;96md[0;96ma[0;96m [0;96md[0;96mo[0;96m [0;96mu[0;96mn[0;96mi[0;96mv[0;96me[0;96mr[0;96ms[0;96mo[0;96m [0;96me[0;96m [0;96mt[0;96mu[0;96md[0;96mo[0;96m [0;96mm[0;96ma[0;96mi[0;96ms[0;94m[\n(1)]
[0;94m[\n(2)]

[0;92mSaída do programa
[0;94m(00) [0;93mdados[0;96m(L)[0;97m "[0;99m100[e][0;97m"
[0;94m(23) [0;93mVINTE[0;96m(S)[0;97m "[0;99m020[0;97m"
[0;94m(32) [0;93mvarx[0;96m(L)[0;97m "[0;99m001[e][0;97m"
[0;94m(42) [0;93mprograma[0;96m(L)[0;97m "[0;99m000[e][0;97m"

[0;92mLiberando Memória
