[0;92mComeçando Primeira Montagem
pos: 000e; 1[1]: .org
[0;97m [0;94m[\n(1)]
[0;94m[\n(1)]
pos: 100e; 2[1]: begin:
[0;94m(20) [0;93mbegin[0;96m(L)[0;97m "[0;99m100[e][0;97m"

[0;94m[\n(1)]
[0;97m [0;97m pos: 100e; 3[1]: LD
[0;97m [0;94m[\n(1)]
[0;97m	[0;94m[\n(1)]
[0;97m	pos: 100d; 4[1]: rotulo1:
[0;94m(15) [0;93mrotulo1[0;96m(L)[0;97m "[0;99m100[d][0;97m"
[0;94m(20) [0;93mbegin[0;96m(L)[0;97m "[0;99m100[e][0;97m"

[0;97m [0;94m[\n(1)]
[0;97m	[0;97m [0;97m pos: 100d; 5[1]: RSH
[0;97m [0;94m[\n(1)]
[0;97m	[0;97m [0;97m [0;97m [0;94m[\n(1)]
[0;97m	[0;97m [0;97m pos: 101e; 6[1]: rotulo2:
[0;94m(15) [0;93mrotulo1[0;96m(L)[0;97m "[0;99m100[d][0;97m"
[0;94m(16) [0;93mrotulo2[0;96m(L)[0;97m "[0;99m101[e][0;97m"
[0;94m(20) [0;93mbegin[0;96m(L)[0;97m "[0;99m100[e][0;97m"

[0;94m[\n(1)]
pos: 101e; 7[1]: rotulo3:
[0;94m(15) [0;93mrotulo1[0;96m(L)[0;97m "[0;99m100[d][0;97m"
[0;94m(16) [0;93mrotulo2[0;96m(L)[0;97m "[0;99m101[e][0;97m"
[0;94m(17) [0;93mrotulo3[0;96m(L)[0;97m "[0;99m101[e][0;97m"
[0;94m(20) [0;93mbegin[0;96m(L)[0;97m "[0;99m100[e][0;97m"

[0;97m [0;94m[\n(1)]
pos: 101e; 8[1]: .align
[0;97m [0;97m [0;94m[\n(1)]
[0;97m [0;97m [0;97m [0;94m[\n(1)]
[0;97m [0;97m pos: 102e; 9[1]: .word
[0;97m [0;94m[\n(1)]
[0;94m[\n(1)]
[0;92mTerminada primeira montagem
[0;94m(15) [0;93mrotulo1[0;96m(L)[0;97m "[0;99m100[d][0;97m"
[0;94m(16) [0;93mrotulo2[0;96m(L)[0;97m "[0;99m101[e][0;97m"
[0;94m(17) [0;93mrotulo3[0;96m(L)[0;97m "[0;99m101[e][0;97m"
[0;94m(20) [0;93mbegin[0;96m(L)[0;97m "[0;99m100[e][0;97m"
100 01 000 15 000
102 00 000 00 000

[0;92mComeçando Segunda Montagem
pos: 000e; 1[1]: .org
[0;97m [0;94m[\n(1)]
[0;94m[\n(1)]
pos: 100e; 2[1]: begin:
[0;94m[\n(1)]
[0;97m [0;97m pos: 100e; 3[1]: LD
[0;97m [0;94m[\n(1)]
[0;97m	[0;94m[\n(1)]
[0;97m	pos: 100d; 4[1]: rotulo1:
[0;97m [0;94m[\n(1)]
[0;97m	[0;97m [0;97m pos: 100d; 5[1]: RSH
[0;97m [0;94m[\n(1)]
[0;97m	[0;97m [0;97m [0;97m [0;94m[\n(1)]
[0;97m	[0;97m [0;97m pos: 101e; 6[1]: rotulo2:
[0;94m[\n(1)]
pos: 101e; 7[1]: rotulo3:
[0;97m [0;94m[\n(1)]
pos: 101e; 8[1]: .align
[0;97m [0;97m [0;94m[\n(1)]
[0;97m [0;97m [0;97m [0;94m[\n(1)]
[0;97m [0;97m pos: 102e; 9[1]: .word
[0;97m [0;94m[\n(1)]
[0;94m[\n(1)]

[0;92mSaída do programa
[0;94m(15) [0;93mrotulo1[0;96m(L)[0;97m "[0;99m100[d][0;97m"
[0;94m(16) [0;93mrotulo2[0;96m(L)[0;97m "[0;99m101[e][0;97m"
[0;94m(17) [0;93mrotulo3[0;96m(L)[0;97m "[0;99m101[e][0;97m"
[0;94m(20) [0;93mbegin[0;96m(L)[0;97m "[0;99m100[e][0;97m"

[0;92mLiberando Memória
