[0;92mComeçando Primeira Montagem
[0;94m[\n(1)]
pos: 000e; 2[1]: .org
[0;97m [0;94m[\n(1)]
[0;94m[\n(1)]
pos: 000e; 3[1]: LD|
[0;97m [0;97m [0;94m[\n(1)]
[0;94m[\n(1)]
pos: 000d; 4[1]: loop:
[0;94m(01) [0;93mloop[0;96m(L)[0;97m "[0;99m000[d][0;97m"

[0;94m[\n(1)]
pos: 000d; 5[1]: ADD
[0;97m [0;97m [0;94m[\n(1)]
[0;97m	[0;97m [0;97m [0;94m[\n(1)]
[0;97m	[0;97m [0;97m pos: 001e; 6[1]: ST
[0;97m [0;94m[\n(1)]
[0;97m	[0;97m [0;97m [0;94m[\n(1)]
[0;97m	[0;97m [0;97m pos: 001d; 7[1]: JUMP+
[0;97m [0;94m[\n(1)]
[0;97m	[0;94m[\n(1)]
[0;97m	pos: 002e; 8[1]: var1:
[0;94m(01) [0;93mloop[0;96m(L)[0;97m "[0;99m000[d][0;97m"
[0;94m(11) [0;93mvar1[0;96m(L)[0;97m "[0;99m002[e][0;97m"

[0;94m[\n(1)]
[0;97m	[0;97m [0;97m pos: 002e; 9[1]: .word
[0;97m [0;94m[\n(1)]
[0;97m	[0;97m [0;97m [0;94m[\n(1)]
[0;97m	[0;97m [0;97m pos: 003e; 10[1]: var2:
[0;94m(01) [0;93mloop[0;96m(L)[0;97m "[0;99m000[d][0;97m"
[0;94m(11) [0;93mvar1[0;96m(L)[0;97m "[0;99m002[e][0;97m"
[0;94m(12) [0;93mvar2[0;96m(L)[0;97m "[0;99m003[e][0;97m"

[0;94m[\n(1)]
[0;97m	[0;97m [0;97m [0;97m [0;97m pos: 003e; 11[1]: .word
[0;97m [0;94m[\n(1)]
[0;97m	[0;97m	[0;94m[\n(1)]
[0;97m	[0;97m	pos: 004e; 12[1]: var3:
[0;94m(01) [0;93mloop[0;96m(L)[0;97m "[0;99m000[d][0;97m"
[0;94m(11) [0;93mvar1[0;96m(L)[0;97m "[0;99m002[e][0;97m"
[0;94m(12) [0;93mvar2[0;96m(L)[0;97m "[0;99m003[e][0;97m"
[0;94m(13) [0;93mvar3[0;96m(L)[0;97m "[0;99m004[e][0;97m"

[0;94m[\n(1)]
[0;97m	[0;97m	[0;97m [0;97m pos: 004e; 13[1]: .word
[0;97m [0;94m[\n(1)]
[0;97m	[0;97m	[0;97m [0;97m [0;94m[\n(1)]
[0;97m	[0;97m	[0;97m [0;97m pos: 005e; 14[1]: end:
[0;94m(01) [0;93mloop[0;96m(L)[0;97m "[0;99m000[d][0;97m"
[0;94m(11) [0;93mvar1[0;96m(L)[0;97m "[0;99m002[e][0;97m"
[0;94m(12) [0;93mvar2[0;96m(L)[0;97m "[0;99m003[e][0;97m"
[0;94m(13) [0;93mvar3[0;96m(L)[0;97m "[0;99m004[e][0;97m"
[0;94m(16) [0;93mend[0;96m(L)[0;97m "[0;99m005[e][0;97m"

[0;94m[\n(1)]
[0;97m	[0;97m	[0;97m [0;97m [0;97m [0;97m pos: 005e; 15[1]: JMP
[0;97m [0;94m[\n(1)]
[0;94m[\n(2)]
[0;94m[\n(1)]
[0;94m[\n(2)]
[0;92mTerminada primeira montagem
[0;94m(01) [0;93mloop[0;96m(L)[0;97m "[0;99m000[d][0;97m"
[0;94m(11) [0;93mvar1[0;96m(L)[0;97m "[0;99m002[e][0;97m"
[0;94m(12) [0;93mvar2[0;96m(L)[0;97m "[0;99m003[e][0;97m"
[0;94m(13) [0;93mvar3[0;96m(L)[0;97m "[0;99m004[e][0;97m"
[0;94m(16) [0;93mend[0;96m(L)[0;97m "[0;99m005[e][0;97m"
000 03 000 05 000
001 21 000 10 000
002 00 000 00 000
003 00 000 00 000
004 00 000 00 000
005 0D 005 00 000

[0;92mComeçando Segunda Montagem
[0;94m[\n(1)]
pos: 000e; 2[1]: .org
[0;97m [0;94m[\n(1)]
[0;94m[\n(1)]
pos: 000e; 3[1]: LD|
[0;97m [0;97m [0;94m[\n(1)]
[0;94m[\n(1)]
pos: 000d; 4[1]: loop:
[0;94m[\n(1)]
pos: 000d; 5[1]: ADD
[0;97m [0;97m [0;94m[\n(1)]
[0;97m	[0;97m [0;97m [0;94m[\n(1)]
[0;97m	[0;97m [0;97m pos: 001e; 6[1]: ST
[0;97m [0;94m[\n(1)]
[0;97m	[0;97m [0;97m [0;94m[\n(1)]
[0;97m	[0;97m [0;97m pos: 001d; 7[1]: JUMP+
[0;97m [0;94m[\n(1)]
[0;97m	[0;94m[\n(1)]
[0;97m	pos: 002e; 8[1]: var1:
[0;94m[\n(1)]
[0;97m	[0;97m [0;97m pos: 002e; 9[1]: .word
[0;97m [0;94m[\n(1)]
[0;97m	[0;97m [0;97m [0;94m[\n(1)]
[0;97m	[0;97m [0;97m pos: 003e; 10[1]: var2:
[0;94m[\n(1)]
[0;97m	[0;97m [0;97m [0;97m [0;97m pos: 003e; 11[1]: .word
[0;97m [0;94m[\n(1)]
[0;97m	[0;97m	[0;94m[\n(1)]
[0;97m	[0;97m	pos: 004e; 12[1]: var3:
[0;94m[\n(1)]
[0;97m	[0;97m	[0;97m [0;97m pos: 004e; 13[1]: .word
[0;97m [0;94m[\n(1)]
[0;97m	[0;97m	[0;97m [0;97m [0;94m[\n(1)]
[0;97m	[0;97m	[0;97m [0;97m pos: 005e; 14[1]: end:
[0;94m[\n(1)]
[0;97m	[0;97m	[0;97m [0;97m [0;97m [0;97m pos: 005e; 15[1]: JMP
[0;97m [0;94m[\n(1)]
[0;94m[\n(2)]
[0;94m[\n(1)]
[0;94m[\n(2)]

[0;92mSaída do programa
[0;94m(01) [0;93mloop[0;96m(L)[0;97m "[0;99m000[d][0;97m"
[0;94m(11) [0;93mvar1[0;96m(L)[0;97m "[0;99m002[e][0;97m"
[0;94m(12) [0;93mvar2[0;96m(L)[0;97m "[0;99m003[e][0;97m"
[0;94m(13) [0;93mvar3[0;96m(L)[0;97m "[0;99m004[e][0;97m"
[0;94m(16) [0;93mend[0;96m(L)[0;97m "[0;99m005[e][0;97m"

[0;92mLiberando Memória
