[0;92mComeçando Primeira Montagem
pos: 000e; 1[1]: .org
[0;97m [0;94m[\n(1)]
[0;94m[\n(1)]
pos: 101e; 2[1]: JMP
[0;97m [0;94m[\n(1)]
[0;94m[\n(2)]
[0;94m[\n(1)]
[0;94m[\n(2)]
pos: 101d; 4[1]: loop1:
[0;94m(32) [0;93mloop1[0;96m(L)[0;97m "[0;99m101[d][0;97m"

[0;94m[\n(1)]
[0;97m	pos: 101d; 5[1]: JMP
[0;97m [0;94m[\n(1)]
[0;97m	[0;94m[\n(1)]
[0;97m	pos: 102e; 6[1]: .align
[0;97m [0;94m[\n(1)]
[0;94m[\n(1)]
pos: 102e; 7[1]: loop2:
[0;94m(32) [0;93mloop1[0;96m(L)[0;97m "[0;99m101[d][0;97m"
[0;94m(33) [0;93mloop2[0;96m(L)[0;97m "[0;99m102[e][0;97m"

[0;94m[\n(1)]
[0;97m	pos: 102e; 8[1]: JMP
[0;97m [0;94m[\n(1)]
[0;94m[\n(1)]
[0;92mTerminada primeira montagem
[0;94m(32) [0;93mloop1[0;96m(L)[0;97m "[0;99m101[d][0;97m"
[0;94m(33) [0;93mloop2[0;96m(L)[0;97m "[0;99m102[e][0;97m"
101 0D 400 0E 101
102 0D 102 00 000

[0;92mComeçando Segunda Montagem
pos: 000e; 1[1]: .org
[0;97m [0;94m[\n(1)]
[0;94m[\n(1)]
pos: 101e; 2[1]: JMP
[0;97m [0;94m[\n(1)]
[0;94m[\n(2)]
[0;94m[\n(1)]
[0;94m[\n(2)]
pos: 101d; 4[1]: loop1:
[0;94m[\n(1)]
[0;97m	pos: 101d; 5[1]: JMP
[0;97m [0;94m[\n(1)]
[0;97m	[0;94m[\n(1)]
[0;97m	pos: 102e; 6[1]: .align
[0;97m [0;94m[\n(1)]
[0;94m[\n(1)]
pos: 102e; 7[1]: loop2:
[0;94m[\n(1)]
[0;97m	pos: 102e; 8[1]: JMP
[0;97m [0;94m[\n(1)]
[0;94m[\n(1)]

[0;92mSaída do programa
[0;94m(32) [0;93mloop1[0;96m(L)[0;97m "[0;99m101[d][0;97m"
[0;94m(33) [0;93mloop2[0;96m(L)[0;97m "[0;99m102[e][0;97m"

[0;92mLiberando Memória
